[2026-04-17 07:59:15.761] cys_cy created a 白色羊毛 shop at (world - 10.0,169.0,70.0)
[2026-04-17 08:00:38.99] cys_cy created a 铁锭 shop at (world - 13.0,169.0,71.0)
[2026-04-17 08:01:07.713] cys_cy created a 钻石 shop at (world - 13.0,169.0,73.0)
[2026-04-17 08:01:21.923] cys_cy created a 金锭 shop at (world - 13.0,169.0,75.0)
[2026-04-17 08:02:07.19] cys_cy created a 圆石 shop at (world - 10.0,169.0,76.0)
[2026-04-17 08:05:45.601] cys_cy created a 胡萝卜 shop at (world - 12.0,164.0,70.0)
[2026-04-17 08:06:28.337] cys_cy created a 西瓜种子 shop at (world - 10.0,165.0,70.0)
[2026-04-17 08:06:46.743] cys_cy created a 小麦种子 shop at (world - 8.0,165.0,70.0)
[2026-04-17 08:07:02.153] cys_cy created a 马铃薯 shop at (world - 14.0,164.0,70.0)
[2026-04-17 08:07:15.857] cys_cy created a 可可豆 shop at (world - 12.0,166.0,70.0)
[2026-04-17 08:09:13.761] cys_cy created a 箭 shop at (world - 14.0,166.0,70.0)
[2026-04-17 08:09:36.518] cys_cy created a 猪刷怪蛋 shop at (world - 17.0,164.0,72.0)
[2026-04-17 08:09:46.871] cys_cy created a 羊刷怪蛋 shop at (world - 17.0,164.0,74.0)
[2026-04-17 08:09:57.377] cys_cy created a 牛刷怪蛋 shop at (world - 17.0,165.0,73.0)
[2026-04-17 08:10:29.374] cys_cy created a 沙子 shop at (world - 14.0,166.0,76.0)
[2026-04-17 08:10:41.68] cys_cy created a 蛋 shop at (world - 14.0,164.0,76.0)
[2026-04-17 08:10:57.337] cys_cy created a 仙人掌 shop at (world - 12.0,164.0,76.0)
[2026-04-17 08:11:08.441] cys_cy created a 泥土 shop at (world - 12.0,166.0,76.0)
[2026-04-17 08:11:30.964] cys_cy created a 甘蔗 shop at (world - 10.0,165.0,76.0)
[2026-04-17 08:11:41.166] cys_cy created a 南瓜种子 shop at (world - 8.0,165.0,76.0)
[2026-04-17 12:12:09.034] cys_cy created a 箭 shop at (world - 213.0,131.0,59.0)
[2026-04-17 14:13:39.185] cysnies bought 1 for 0.25 from Shop world(213, 131, 59) Owner: cys_cy Unlimited: true Price: 0.25Item: ItemStack{ARROW x 1}
